Copyright 1986-2018 Xilinx, Inc. All Rights Reserved.
----------------------------------------------------------------------------------------
| Tool Version : Vivado v.2018.2 (win64) Build 2258646 Thu Jun 14 20:03:12 MDT 2018
| Date         : Wed Nov  7 16:59:57 2018
| Host         : LAPTOP-OG4VTB3M running 64-bit major release  (build 9200)
| Command      : report_control_sets -verbose -file fsm_counter_control_sets_placed.rpt
| Design       : fsm_counter
| Device       : xc7a35t
----------------------------------------------------------------------------------------

Control Set Information

Table of Contents
-----------------
1. Summary
2. Histogram
3. Flip-Flop Distribution
4. Detailed Control Set Information

1. Summary
----------

+----------------------------------------------------------+-------+
|                          Status                          | Count |
+----------------------------------------------------------+-------+
| Number of unique control sets                            |     5 |
| Unused register locations in slices containing registers |    22 |
+----------------------------------------------------------+-------+


2. Histogram
------------

+--------+--------------+
| Fanout | Control Sets |
+--------+--------------+
|      4 |            2 |
|     10 |            1 |
|    16+ |            2 |
+--------+--------------+


3. Flip-Flop Distribution
-------------------------

+--------------+-----------------------+------------------------+-----------------+--------------+
| Clock Enable | Synchronous Set/Reset | Asynchronous Set/Reset | Total Registers | Total Slices |
+--------------+-----------------------+------------------------+-----------------+--------------+
| No           | No                    | No                     |               8 |            2 |
| No           | No                    | Yes                    |              50 |            7 |
| No           | Yes                   | No                     |              62 |            8 |
| Yes          | No                    | No                     |              10 |            2 |
| Yes          | No                    | Yes                    |               0 |            0 |
| Yes          | Yes                   | No                     |               0 |            0 |
+--------------+-----------------------+------------------------+-----------------+--------------+


4. Detailed Control Set Information
-----------------------------------

+-------------------------+---------------+------------------------+------------------+----------------+
|       Clock Signal      | Enable Signal |    Set/Reset Signal    | Slice Load Count | Bel Load Count |
+-------------------------+---------------+------------------------+------------------+----------------+
|  display/my_clk/CLK     |               |                        |                1 |              4 |
|  clk_IBUF_BUFG          |               |                        |                1 |              4 |
|  refreshCounter_reg[24] | CEN_IBUF      |                        |                2 |             10 |
|  clk_IBUF_BUFG          |               | reset_IBUF             |                7 |             50 |
|  clk_IBUF_BUFG          |               | display/my_clk/tmp_clk |                8 |             62 |
+-------------------------+---------------+------------------------+------------------+----------------+


