#-----------------------------------------------------------
# Vivado v2018.2 (64-bit)
# SW Build 2258646 on Thu Jun 14 20:03:12 MDT 2018
# IP Build 2256618 on Thu Jun 14 22:10:49 MDT 2018
# Start of session at: Wed Dec  5 01:25:09 2018
# Process ID: 8016
# Current directory: C:/Users/luisg/Desktop/Fall 2018/CPE 133/Verilog-Projects/7segdisplay_two_inputs
# Command line: vivado.exe -gui_launcher_event rodinguilauncherevent1280 C:\Users\luisg\Desktop\Fall 2018\CPE 133\Verilog-Projects\7segdisplay_two_inputs\7segdisplay_two_inputs.xpr
# Log file: C:/Users/luisg/Desktop/Fall 2018/CPE 133/Verilog-Projects/7segdisplay_two_inputs/vivado.log
# Journal file: C:/Users/luisg/Desktop/Fall 2018/CPE 133/Verilog-Projects/7segdisplay_two_inputs\vivado.jou
#-----------------------------------------------------------
start_gui
open_project {C:/Users/luisg/Desktop/Fall 2018/CPE 133/Verilog-Projects/7segdisplay_two_inputs/7segdisplay_two_inputs.xpr}
CRITICAL WARNING: [Project 1-19] Could not find the file 'C:/Users/luisg/Desktop/Fall 2018/CPE 133/Verilog-Projects/7segdisplay_two_inputs/7segdisplay_two_inputs.srcs/sources_1/new/main.v'.
Scanning sources...
Finished scanning sources
INFO: [IP_Flow 19-234] Refreshing IP repositories
INFO: [IP_Flow 19-1704] No user IP repositories specified
INFO: [IP_Flow 19-2313] Loaded Vivado IP repository 'C:/Xilinx/Vivado/2018.2/data/ip'.
update_compile_order -fileset sources_1
update_files -from_files {{C:/Users/luisg/Desktop/Fall 2018/CPE 133/Verilog-Projects/7segdisplay_two_inputs/7segdisplay_two_inputs.srcs/sources_1/new/7seg_8b.v}} -to_files {{C:/Users/luisg/Desktop/Fall 2018/CPE 133/Verilog-Projects/7segdisplay_two_inputs/7segdisplay_two_inputs.srcs/sources_1/new/main.v}} -filesets [get_filesets *]
INFO: [filemgmt 20-762] Replacing file 'C:/Users/luisg/Desktop/Fall 2018/CPE 133/Verilog-Projects/7segdisplay_two_inputs/7segdisplay_two_inputs.srcs/sources_1/new/main.v' with file 'C:/Users/luisg/Desktop/Fall 2018/CPE 133/Verilog-Projects/7segdisplay_two_inputs/7segdisplay_two_inputs.srcs/sources_1/new/7seg_8b.v'.
update_compile_order -fileset sources_1
export_ip_user_files -of_objects  [get_files {{C:/Users/luisg/Desktop/Fall 2018/CPE 133/Verilog-Projects/7segdisplay_two_inputs/7segdisplay_two_inputs.srcs/sources_1/new/7seg_8b.v}}] -no_script -reset -force -quiet
remove_files  {{C:/Users/luisg/Desktop/Fall 2018/CPE 133/Verilog-Projects/7segdisplay_two_inputs/7segdisplay_two_inputs.srcs/sources_1/new/7seg_8b.v}}
add_files -norecurse {{C:/Users/luisg/Desktop/Fall 2018/CPE 133/Verilog-Projects/7segdisplay_two_inputs/7segdisplay_two_inputs.srcs/sources_1/new/7seg_8b.v}}
update_compile_order -fileset sources_1
update_compile_order -fileset sources_1
WARNING: [filemgmt 56-199] Attempt to get parsing info during refresh. "On-the-fly" syntax checking information may be incorrect. [C:/Users/luisg/Desktop/Fall 2018/CPE 133/Verilog-Projects/7segdisplay_two_inputs/7segdisplay_two_inputs.srcs/sources_1/imports/lab7 FSM_Counter/sseg_dec.v:]
WARNING: [filemgmt 56-199] Attempt to get parsing info during refresh. "On-the-fly" syntax checking information may be incorrect. [C:/Users/luisg/Desktop/Fall 2018/CPE 133/Verilog-Projects/7segdisplay_two_inputs/7segdisplay_two_inputs.srcs/sources_1/new/7seg_8b.v:]
WARNING: [filemgmt 56-199] Attempt to get parsing info during refresh. "On-the-fly" syntax checking information may be incorrect. [C:/Users/luisg/Desktop/Fall 2018/CPE 133/Verilog-Projects/7segdisplay_two_inputs/7segdisplay_two_inputs.srcs/sources_1/imports/lab7 FSM_Counter/sseg_dec.v:]
WARNING: [filemgmt 56-199] Attempt to get parsing info during refresh. "On-the-fly" syntax checking information may be incorrect. [C:/Users/luisg/Desktop/Fall 2018/CPE 133/Verilog-Projects/7segdisplay_two_inputs/7segdisplay_two_inputs.srcs/sources_1/new/7seg_8b.v:]
WARNING: [filemgmt 56-199] Attempt to get parsing info during refresh. "On-the-fly" syntax checking information may be incorrect. [C:/Users/luisg/Desktop/Fall 2018/CPE 133/Verilog-Projects/7segdisplay_two_inputs/7segdisplay_two_inputs.srcs/sources_1/imports/lab7 FSM_Counter/sseg_dec.v:]
WARNING: [filemgmt 56-199] Attempt to get parsing info during refresh. "On-the-fly" syntax checking information may be incorrect. [C:/Users/luisg/Desktop/Fall 2018/CPE 133/Verilog-Projects/7segdisplay_two_inputs/7segdisplay_two_inputs.srcs/sources_1/new/7seg_8b.v:]
close [ open {C:/Users/luisg/Desktop/Fall 2018/CPE 133/Verilog-Projects/7segdisplay_two_inputs/7segdisplay_two_inputs.srcs/sources_1/new/main_8b.v} w ]
add_files {{C:/Users/luisg/Desktop/Fall 2018/CPE 133/Verilog-Projects/7segdisplay_two_inputs/7segdisplay_two_inputs.srcs/sources_1/new/main_8b.v}}
update_compile_order -fileset sources_1
export_ip_user_files -of_objects  [get_files {{C:/Users/luisg/Desktop/Fall 2018/CPE 133/Verilog-Projects/7segdisplay_two_inputs/7segdisplay_two_inputs.srcs/sources_1/new/7seg_8b.v}}] -no_script -reset -force -quiet
remove_files  {{C:/Users/luisg/Desktop/Fall 2018/CPE 133/Verilog-Projects/7segdisplay_two_inputs/7segdisplay_two_inputs.srcs/sources_1/new/7seg_8b.v}}
file delete -force {C:/Users/luisg/Desktop/Fall 2018/CPE 133/Verilog-Projects/7segdisplay_two_inputs/7segdisplay_two_inputs.srcs/sources_1/new/7seg_8b.v}
update_compile_order -fileset sources_1
update_compile_order -fileset sources_1
exit
INFO: [Common 17-206] Exiting Vivado at Wed Dec  5 01:33:57 2018...
