
*** Running vivado
    with args -log fsm_counter.vds -m64 -product Vivado -mode batch -messageDb vivado.pb -notrace -source fsm_counter.tcl


****** Vivado v2018.2 (64-bit)
  **** SW Build 2258646 on Thu Jun 14 20:03:12 MDT 2018
  **** IP Build 2256618 on Thu Jun 14 22:10:49 MDT 2018
    ** Copyright 1986-2018 Xilinx, Inc. All Rights Reserved.

source fsm_counter.tcl -notrace
Command: synth_design -top fsm_counter -part xc7a35tcpg236-1
Starting synth_design
Attempting to get a license for feature 'Synthesis' and/or device 'xc7a35t'
INFO: [Common 17-349] Got license for feature 'Synthesis' and/or device 'xc7a35t'
INFO: Launching helper process for spawning children vivado processes
INFO: Helper process launched with PID 5008 
---------------------------------------------------------------------------------
Starting RTL Elaboration : Time (s): cpu = 00:00:02 ; elapsed = 00:00:02 . Memory (MB): peak = 362.109 ; gain = 99.684
---------------------------------------------------------------------------------
INFO: [Synth 8-6157] synthesizing module 'fsm_counter' [C:/Users/luisg/Desktop/Fall 2018/CPE 133/Verilog-Projects/lab7 FSM_Counter/exp13/exp13.srcs/sources_1/new/fsm_counter.v:35]
	Parameter ZERO bound to: 3'b000 
	Parameter TWO bound to: 3'b010 
	Parameter FOUR bound to: 3'b100 
	Parameter FIVE bound to: 3'b101 
	Parameter SEVEN bound to: 3'b111 
INFO: [Synth 8-6157] synthesizing module 'sseg_dec' [C:/Users/luisg/Desktop/Fall 2018/CPE 133/Verilog-Projects/lab7 FSM_Counter/sseg_dec.v:21]
INFO: [Synth 8-6157] synthesizing module 'bin2bcdconv' [C:/Users/luisg/Desktop/Fall 2018/CPE 133/Verilog-Projects/lab7 FSM_Counter/sseg_dec.v:111]
INFO: [Synth 8-6155] done synthesizing module 'bin2bcdconv' (1#1) [C:/Users/luisg/Desktop/Fall 2018/CPE 133/Verilog-Projects/lab7 FSM_Counter/sseg_dec.v:111]
INFO: [Synth 8-6157] synthesizing module 'clk_div' [C:/Users/luisg/Desktop/Fall 2018/CPE 133/Verilog-Projects/lab7 FSM_Counter/sseg_dec.v:149]
INFO: [Synth 8-6155] done synthesizing module 'clk_div' (2#1) [C:/Users/luisg/Desktop/Fall 2018/CPE 133/Verilog-Projects/lab7 FSM_Counter/sseg_dec.v:149]
INFO: [Synth 8-226] default block is never used [C:/Users/luisg/Desktop/Fall 2018/CPE 133/Verilog-Projects/lab7 FSM_Counter/sseg_dec.v:87]
INFO: [Synth 8-226] default block is never used [C:/Users/luisg/Desktop/Fall 2018/CPE 133/Verilog-Projects/lab7 FSM_Counter/sseg_dec.v:95]
INFO: [Synth 8-6155] done synthesizing module 'sseg_dec' (3#1) [C:/Users/luisg/Desktop/Fall 2018/CPE 133/Verilog-Projects/lab7 FSM_Counter/sseg_dec.v:21]
WARNING: [Synth 8-689] width (3) of port connection 'ALU_VAL' does not match port width (8) of module 'sseg_dec' [C:/Users/luisg/Desktop/Fall 2018/CPE 133/Verilog-Projects/lab7 FSM_Counter/exp13/exp13.srcs/sources_1/new/fsm_counter.v:47]
INFO: [Synth 8-6155] done synthesizing module 'fsm_counter' (4#1) [C:/Users/luisg/Desktop/Fall 2018/CPE 133/Verilog-Projects/lab7 FSM_Counter/exp13/exp13.srcs/sources_1/new/fsm_counter.v:35]
---------------------------------------------------------------------------------
Finished RTL Elaboration : Time (s): cpu = 00:00:03 ; elapsed = 00:00:03 . Memory (MB): peak = 416.301 ; gain = 153.875
---------------------------------------------------------------------------------

Report Check Netlist: 
+------+------------------+-------+---------+-------+------------------+
|      |Item              |Errors |Warnings |Status |Description       |
+------+------------------+-------+---------+-------+------------------+
|1     |multi_driven_nets |      0|        0|Passed |Multi driven nets |
+------+------------------+-------+---------+-------+------------------+
---------------------------------------------------------------------------------
Start Handling Custom Attributes
---------------------------------------------------------------------------------
---------------------------------------------------------------------------------
Finished Handling Custom Attributes : Time (s): cpu = 00:00:03 ; elapsed = 00:00:03 . Memory (MB): peak = 416.301 ; gain = 153.875
---------------------------------------------------------------------------------
---------------------------------------------------------------------------------
Finished RTL Optimization Phase 1 : Time (s): cpu = 00:00:03 ; elapsed = 00:00:03 . Memory (MB): peak = 416.301 ; gain = 153.875
---------------------------------------------------------------------------------
INFO: [Device 21-403] Loading part xc7a35tcpg236-1
INFO: [Project 1-570] Preparing netlist for logic optimization

Processing XDC Constraints
Initializing timing engine
Parsing XDC File [C:/Users/luisg/Desktop/Fall 2018/CPE 133/Verilog-Projects/lab7 FSM_Counter/exp13.xdc]
Finished Parsing XDC File [C:/Users/luisg/Desktop/Fall 2018/CPE 133/Verilog-Projects/lab7 FSM_Counter/exp13.xdc]
INFO: [Project 1-236] Implementation specific constraints were found while reading constraint file [C:/Users/luisg/Desktop/Fall 2018/CPE 133/Verilog-Projects/lab7 FSM_Counter/exp13.xdc]. These constraints will be ignored for synthesis but will be used in implementation. Impacted constraints are listed in the file [.Xil/fsm_counter_propImpl.xdc].
Resolution: To avoid this warning, move constraints listed in [.Xil/fsm_counter_propImpl.xdc] to another XDC file and exclude this new file from synthesis with the used_in_synthesis property (File Properties dialog in GUI) and re-run elaboration/synthesis.
Completed Processing XDC Constraints

INFO: [Project 1-111] Unisim Transformation Summary:
No Unisim elements were transformed.

Constraint Validation Runtime : Time (s): cpu = 00:00:00 ; elapsed = 00:00:00.002 . Memory (MB): peak = 750.859 ; gain = 0.000
---------------------------------------------------------------------------------
Finished Constraint Validation : Time (s): cpu = 00:00:11 ; elapsed = 00:00:12 . Memory (MB): peak = 750.859 ; gain = 488.434
---------------------------------------------------------------------------------
---------------------------------------------------------------------------------
Start Loading Part and Timing Information
---------------------------------------------------------------------------------
Loading part: xc7a35tcpg236-1
---------------------------------------------------------------------------------
Finished Loading Part and Timing Information : Time (s): cpu = 00:00:11 ; elapsed = 00:00:12 . Memory (MB): peak = 750.859 ; gain = 488.434
---------------------------------------------------------------------------------
---------------------------------------------------------------------------------
Start Applying 'set_property' XDC Constraints
---------------------------------------------------------------------------------
---------------------------------------------------------------------------------
Finished applying 'set_property' XDC Constraints : Time (s): cpu = 00:00:11 ; elapsed = 00:00:12 . Memory (MB): peak = 750.859 ; gain = 488.434
---------------------------------------------------------------------------------
INFO: [Synth 8-5545] ROM "tmp_clk" won't be mapped to RAM because address size (32) is larger than maximum supported(25)
INFO: [Synth 8-5545] ROM "div_cnt" won't be mapped to RAM because address size (32) is larger than maximum supported(25)
INFO: [Synth 8-802] inferred FSM for state register 'CNT_reg' in module 'fsm_counter'
INFO: [Synth 8-5544] ROM "CNTnext" won't be mapped to Block RAM because address size (3) smaller than threshold (5)
---------------------------------------------------------------------------------------------------
                   State |                     New Encoding |                Previous Encoding 
---------------------------------------------------------------------------------------------------
                    ZERO |                            00001 |                              000
                     TWO |                            00010 |                              010
                    FOUR |                            00100 |                              100
                    FIVE |                            01000 |                              101
                   SEVEN |                            10000 |                              111
---------------------------------------------------------------------------------------------------
INFO: [Synth 8-3354] encoded FSM with state register 'CNT_reg' using encoding 'one-hot' in module 'fsm_counter'
---------------------------------------------------------------------------------
Finished RTL Optimization Phase 2 : Time (s): cpu = 00:00:11 ; elapsed = 00:00:13 . Memory (MB): peak = 750.859 ; gain = 488.434
---------------------------------------------------------------------------------

Report RTL Partitions: 
+-+--------------+------------+----------+
| |RTL Partition |Replication |Instances |
+-+--------------+------------+----------+
+-+--------------+------------+----------+
---------------------------------------------------------------------------------
Start RTL Component Statistics 
---------------------------------------------------------------------------------
Detailed RTL Component Info : 
+---Adders : 
	   2 Input     32 Bit       Adders := 2     
	   2 Input      4 Bit       Adders := 11    
	   2 Input      3 Bit       Adders := 1     
	   2 Input      2 Bit       Adders := 1     
+---Registers : 
	               32 Bit    Registers := 2     
	                2 Bit    Registers := 1     
	                1 Bit    Registers := 2     
+---Muxes : 
	   2 Input     32 Bit        Muxes := 2     
	   2 Input      4 Bit        Muxes := 15    
	   4 Input      4 Bit        Muxes := 3     
	   5 Input      3 Bit        Muxes := 1     
	   2 Input      1 Bit        Muxes := 2     
---------------------------------------------------------------------------------
Finished RTL Component Statistics 
---------------------------------------------------------------------------------
---------------------------------------------------------------------------------
Start RTL Hierarchical Component Statistics 
---------------------------------------------------------------------------------
Hierarchical RTL Component report 
Module fsm_counter 
Detailed RTL Component Info : 
+---Muxes : 
	   5 Input      3 Bit        Muxes := 1     
Module bin2bcdconv 
Detailed RTL Component Info : 
+---Adders : 
	   2 Input      4 Bit       Adders := 11    
	   2 Input      3 Bit       Adders := 1     
+---Muxes : 
	   2 Input      4 Bit        Muxes := 7     
Module clk_div 
Detailed RTL Component Info : 
+---Adders : 
	   2 Input     32 Bit       Adders := 1     
+---Registers : 
	               32 Bit    Registers := 1     
	                1 Bit    Registers := 1     
+---Muxes : 
	   2 Input     32 Bit        Muxes := 1     
	   2 Input      1 Bit        Muxes := 1     
Module sseg_dec 
Detailed RTL Component Info : 
+---Adders : 
	   2 Input      2 Bit       Adders := 1     
+---Registers : 
	                2 Bit    Registers := 1     
+---Muxes : 
	   4 Input      4 Bit        Muxes := 3     
	   2 Input      4 Bit        Muxes := 8     
---------------------------------------------------------------------------------
Finished RTL Hierarchical Component Statistics
---------------------------------------------------------------------------------
---------------------------------------------------------------------------------
Start Part Resource Summary
---------------------------------------------------------------------------------
Part Resources:
DSPs: 90 (col length:60)
BRAMs: 100 (col length: RAMB18 60 RAMB36 30)
---------------------------------------------------------------------------------
Finished Part Resource Summary
---------------------------------------------------------------------------------
---------------------------------------------------------------------------------
Start Cross Boundary and Area Optimization
---------------------------------------------------------------------------------
Warning: Parallel synthesis criteria is not met 
WARNING: [Synth 8-6014] Unused sequential element divider/div_cnt_reg was removed.  [C:/Users/luisg/Desktop/Fall 2018/CPE 133/Verilog-Projects/lab7 FSM_Counter/sseg_dec.v:158]
WARNING: [Synth 8-6014] Unused sequential element divider/tmp_clk_reg was removed.  [C:/Users/luisg/Desktop/Fall 2018/CPE 133/Verilog-Projects/lab7 FSM_Counter/sseg_dec.v:160]
INFO: [Synth 8-5545] ROM "display/my_clk/div_cnt" won't be mapped to RAM because address size (32) is larger than maximum supported(25)
INFO: [Synth 8-5545] ROM "display/my_clk/tmp_clk" won't be mapped to RAM because address size (32) is larger than maximum supported(25)
---------------------------------------------------------------------------------
Finished Cross Boundary and Area Optimization : Time (s): cpu = 00:00:12 ; elapsed = 00:00:14 . Memory (MB): peak = 750.859 ; gain = 488.434
---------------------------------------------------------------------------------

Report RTL Partitions: 
+-+--------------+------------+----------+
| |RTL Partition |Replication |Instances |
+-+--------------+------------+----------+
+-+--------------+------------+----------+
---------------------------------------------------------------------------------
Start Applying XDC Timing Constraints
---------------------------------------------------------------------------------
---------------------------------------------------------------------------------
Finished Applying XDC Timing Constraints : Time (s): cpu = 00:00:21 ; elapsed = 00:00:24 . Memory (MB): peak = 750.859 ; gain = 488.434
---------------------------------------------------------------------------------
---------------------------------------------------------------------------------
Start Timing Optimization
---------------------------------------------------------------------------------
---------------------------------------------------------------------------------
Finished Timing Optimization : Time (s): cpu = 00:00:21 ; elapsed = 00:00:24 . Memory (MB): peak = 760.980 ; gain = 498.555
---------------------------------------------------------------------------------

Report RTL Partitions: 
+-+--------------+------------+----------+
| |RTL Partition |Replication |Instances |
+-+--------------+------------+----------+
+-+--------------+------------+----------+
---------------------------------------------------------------------------------
Start Technology Mapping
---------------------------------------------------------------------------------
---------------------------------------------------------------------------------
Finished Technology Mapping : Time (s): cpu = 00:00:21 ; elapsed = 00:00:24 . Memory (MB): peak = 760.980 ; gain = 498.555
---------------------------------------------------------------------------------

Report RTL Partitions: 
+-+--------------+------------+----------+
| |RTL Partition |Replication |Instances |
+-+--------------+------------+----------+
+-+--------------+------------+----------+
---------------------------------------------------------------------------------
Start IO Insertion
---------------------------------------------------------------------------------
---------------------------------------------------------------------------------
Start Flattening Before IO Insertion
---------------------------------------------------------------------------------
---------------------------------------------------------------------------------
Finished Flattening Before IO Insertion
---------------------------------------------------------------------------------
---------------------------------------------------------------------------------
Start Final Netlist Cleanup
---------------------------------------------------------------------------------
---------------------------------------------------------------------------------
Finished Final Netlist Cleanup
---------------------------------------------------------------------------------
---------------------------------------------------------------------------------
Finished IO Insertion : Time (s): cpu = 00:00:22 ; elapsed = 00:00:25 . Memory (MB): peak = 760.980 ; gain = 498.555
---------------------------------------------------------------------------------

Report Check Netlist: 
+------+------------------+-------+---------+-------+------------------+
|      |Item              |Errors |Warnings |Status |Description       |
+------+------------------+-------+---------+-------+------------------+
|1     |multi_driven_nets |      0|        0|Passed |Multi driven nets |
+------+------------------+-------+---------+-------+------------------+
---------------------------------------------------------------------------------
Start Renaming Generated Instances
---------------------------------------------------------------------------------
---------------------------------------------------------------------------------
Finished Renaming Generated Instances : Time (s): cpu = 00:00:22 ; elapsed = 00:00:25 . Memory (MB): peak = 760.980 ; gain = 498.555
---------------------------------------------------------------------------------

Report RTL Partitions: 
+-+--------------+------------+----------+
| |RTL Partition |Replication |Instances |
+-+--------------+------------+----------+
+-+--------------+------------+----------+
---------------------------------------------------------------------------------
Start Rebuilding User Hierarchy
---------------------------------------------------------------------------------
---------------------------------------------------------------------------------
Finished Rebuilding User Hierarchy : Time (s): cpu = 00:00:22 ; elapsed = 00:00:25 . Memory (MB): peak = 760.980 ; gain = 498.555
---------------------------------------------------------------------------------
---------------------------------------------------------------------------------
Start Renaming Generated Ports
---------------------------------------------------------------------------------
---------------------------------------------------------------------------------
Finished Renaming Generated Ports : Time (s): cpu = 00:00:22 ; elapsed = 00:00:25 . Memory (MB): peak = 760.980 ; gain = 498.555
---------------------------------------------------------------------------------
---------------------------------------------------------------------------------
Start Handling Custom Attributes
---------------------------------------------------------------------------------
---------------------------------------------------------------------------------
Finished Handling Custom Attributes : Time (s): cpu = 00:00:22 ; elapsed = 00:00:25 . Memory (MB): peak = 760.980 ; gain = 498.555
---------------------------------------------------------------------------------
---------------------------------------------------------------------------------
Start Renaming Generated Nets
---------------------------------------------------------------------------------
---------------------------------------------------------------------------------
Finished Renaming Generated Nets : Time (s): cpu = 00:00:22 ; elapsed = 00:00:25 . Memory (MB): peak = 760.980 ; gain = 498.555
---------------------------------------------------------------------------------
---------------------------------------------------------------------------------
Start Writing Synthesis Report
---------------------------------------------------------------------------------

Report BlackBoxes: 
+-+--------------+----------+
| |BlackBox name |Instances |
+-+--------------+----------+
+-+--------------+----------+

Report Cell Usage: 
+------+-------+------+
|      |Cell   |Count |
+------+-------+------+
|1     |BUFG   |     1|
|2     |CARRY4 |    15|
|3     |LUT1   |     2|
|4     |LUT2   |     5|
|5     |LUT4   |     7|
|6     |LUT5   |     3|
|7     |LUT6   |     8|
|8     |FDCE   |    25|
|9     |FDRE   |    40|
|10    |IBUF   |     3|
|11    |OBUF   |    12|
+------+-------+------+

Report Instance Areas: 
+------+-----------+---------+------+
|      |Instance   |Module   |Cells |
+------+-----------+---------+------+
|1     |top        |         |   121|
|2     |  display  |sseg_dec |    67|
|3     |    my_clk |clk_div  |    52|
+------+-----------+---------+------+
---------------------------------------------------------------------------------
Finished Writing Synthesis Report : Time (s): cpu = 00:00:22 ; elapsed = 00:00:25 . Memory (MB): peak = 760.980 ; gain = 498.555
---------------------------------------------------------------------------------
Synthesis finished with 0 errors, 0 critical warnings and 2 warnings.
Synthesis Optimization Runtime : Time (s): cpu = 00:00:13 ; elapsed = 00:00:18 . Memory (MB): peak = 760.980 ; gain = 163.996
Synthesis Optimization Complete : Time (s): cpu = 00:00:22 ; elapsed = 00:00:25 . Memory (MB): peak = 760.980 ; gain = 498.555
INFO: [Project 1-571] Translating synthesized netlist
INFO: [Netlist 29-17] Analyzing 18 Unisim elements for replacement
INFO: [Netlist 29-28] Unisim Transformation completed in 0 CPU seconds
INFO: [Project 1-570] Preparing netlist for logic optimization
INFO: [Opt 31-138] Pushed 0 inverter(s) to 0 load pin(s).
INFO: [Project 1-111] Unisim Transformation Summary:
No Unisim elements were transformed.

INFO: [Common 17-83] Releasing license: Synthesis
29 Infos, 3 Warnings, 0 Critical Warnings and 0 Errors encountered.
synth_design completed successfully
synth_design: Time (s): cpu = 00:00:24 ; elapsed = 00:00:27 . Memory (MB): peak = 763.367 ; gain = 513.953
WARNING: [Constraints 18-5210] No constraint will be written out.
INFO: [Common 17-1381] The checkpoint 'C:/Users/luisg/Desktop/Fall 2018/CPE 133/Verilog-Projects/lab7 FSM_Counter/exp13/exp13.runs/synth_1/fsm_counter.dcp' has been generated.
INFO: [runtcl-4] Executing : report_utilization -file fsm_counter_utilization_synth.rpt -pb fsm_counter_utilization_synth.pb
report_utilization: Time (s): cpu = 00:00:00 ; elapsed = 00:00:00.020 . Memory (MB): peak = 763.367 ; gain = 0.000
INFO: [Common 17-206] Exiting Vivado at Wed Nov  7 16:59:19 2018...
