#-----------------------------------------------------------
# Vivado v2018.2 (64-bit)
# SW Build 2258646 on Thu Jun 14 20:03:12 MDT 2018
# IP Build 2256618 on Thu Jun 14 22:10:49 MDT 2018
# Start of session at: Tue Dec  4 23:55:34 2018
# Process ID: 8892
# Current directory: C:/Users/luisg/Desktop/Fall 2018/CPE 133/Verilog-Projects/lab4_decoder_displaymodule/7segmentDecoder
# Command line: vivado.exe -gui_launcher_event rodinguilauncherevent1020 C:\Users\luisg\Desktop\Fall 2018\CPE 133\Verilog-Projects\lab4_decoder_displaymodule\7segmentDecoder\7segmentDecoder.xpr
# Log file: C:/Users/luisg/Desktop/Fall 2018/CPE 133/Verilog-Projects/lab4_decoder_displaymodule/7segmentDecoder/vivado.log
# Journal file: C:/Users/luisg/Desktop/Fall 2018/CPE 133/Verilog-Projects/lab4_decoder_displaymodule/7segmentDecoder\vivado.jou
#-----------------------------------------------------------
start_gui
open_project {C:/Users/luisg/Desktop/Fall 2018/CPE 133/Verilog-Projects/lab4_decoder_displaymodule/7segmentDecoder/7segmentDecoder.xpr}
INFO: [ProjectBase 1-489] The host OS only allows 260 characters in a normal path. The project is stored in a path with more than 80 characters. If you experience issues with IP, Block Designs, or files not being found, please consider moving the project to a location with a shorter path. Alternately consider using the OS subst command to map part of the path to a drive letter.
Current project path is 'C:/Users/luisg/Desktop/Fall 2018/CPE 133/Verilog-Projects/lab4_decoder_displaymodule/7segmentDecoder'
INFO: [Project 1-313] Project file moved from 'C:/Users/luisg/Desktop/Fall 2018/CPE 133/Verilog-Projects/lab4_decoder/7segmentDecoder' since last save.
Scanning sources...
Finished scanning sources
INFO: [IP_Flow 19-234] Refreshing IP repositories
INFO: [IP_Flow 19-1704] No user IP repositories specified
INFO: [IP_Flow 19-2313] Loaded Vivado IP repository 'C:/Xilinx/Vivado/2018.2/data/ip'.
open_project: Time (s): cpu = 00:00:18 ; elapsed = 00:00:10 . Memory (MB): peak = 827.609 ; gain = 79.512
update_compile_order -fileset sources_1
eexit
INFO: [Common 17-206] Exiting Vivado at Tue Dec  4 23:57:22 2018...
