
*** Running vivado
    with args -log exp10.vds -m64 -product Vivado -mode batch -messageDb vivado.pb -notrace -source exp10.tcl


****** Vivado v2018.2 (64-bit)
  **** SW Build 2258646 on Thu Jun 14 20:03:12 MDT 2018
  **** IP Build 2256618 on Thu Jun 14 22:10:49 MDT 2018
    ** Copyright 1986-2018 Xilinx, Inc. All Rights Reserved.

source exp10.tcl -notrace
Command: synth_design -top exp10 -part xc7a35tcpg236-1
Starting synth_design
Attempting to get a license for feature 'Synthesis' and/or device 'xc7a35t'
INFO: [Common 17-349] Got license for feature 'Synthesis' and/or device 'xc7a35t'
INFO: Launching helper process for spawning children vivado processes
INFO: Helper process launched with PID 18984 
---------------------------------------------------------------------------------
Starting RTL Elaboration : Time (s): cpu = 00:00:02 ; elapsed = 00:00:02 . Memory (MB): peak = 358.281 ; gain = 99.523
---------------------------------------------------------------------------------
INFO: [Synth 8-6157] synthesizing module 'exp10' [C:/Users/luisg/Desktop/Fall 2018/CPE 133/Verilog-Projects/lab5_BCD_Comparator_displaymodule/exp 10 module 2/exp 10 module 2.srcs/sources_1/new/exp10.v:23]
INFO: [Synth 8-6157] synthesizing module 'comparator' [C:/Users/luisg/Desktop/Fall 2018/CPE 133/Verilog-Projects/lab5_BCD_Comparator_displaymodule/exp 10 module 2/exp 10 module 2.srcs/sources_1/new/comparator.v:23]
INFO: [Synth 8-6155] done synthesizing module 'comparator' (1#1) [C:/Users/luisg/Desktop/Fall 2018/CPE 133/Verilog-Projects/lab5_BCD_Comparator_displaymodule/exp 10 module 2/exp 10 module 2.srcs/sources_1/new/comparator.v:23]
INFO: [Synth 8-6157] synthesizing module 'exp6' [C:/Users/luisg/Desktop/Fall 2018/CPE 133/Verilog-Projects/lab5_BCD_Comparator_displaymodule/exp 10 module 2/exp 10 module 2.srcs/sources_1/new/exp6.v:23]
INFO: [Synth 8-6155] done synthesizing module 'exp6' (2#1) [C:/Users/luisg/Desktop/Fall 2018/CPE 133/Verilog-Projects/lab5_BCD_Comparator_displaymodule/exp 10 module 2/exp 10 module 2.srcs/sources_1/new/exp6.v:23]
INFO: [Synth 8-226] default block is never used [C:/Users/luisg/Desktop/Fall 2018/CPE 133/Verilog-Projects/lab5_BCD_Comparator_displaymodule/exp 10 module 2/exp 10 module 2.srcs/sources_1/new/exp10.v:60]
WARNING: [Synth 8-567] referenced signal 'reset' should be on the sensitivity list [C:/Users/luisg/Desktop/Fall 2018/CPE 133/Verilog-Projects/lab5_BCD_Comparator_displaymodule/exp 10 module 2/exp 10 module 2.srcs/sources_1/new/exp10.v:59]
WARNING: [Synth 8-567] referenced signal 'EQ' should be on the sensitivity list [C:/Users/luisg/Desktop/Fall 2018/CPE 133/Verilog-Projects/lab5_BCD_Comparator_displaymodule/exp 10 module 2/exp 10 module 2.srcs/sources_1/new/exp10.v:59]
WARNING: [Synth 8-567] referenced signal 'GT' should be on the sensitivity list [C:/Users/luisg/Desktop/Fall 2018/CPE 133/Verilog-Projects/lab5_BCD_Comparator_displaymodule/exp 10 module 2/exp 10 module 2.srcs/sources_1/new/exp10.v:59]
WARNING: [Synth 8-567] referenced signal 'displayOutputA' should be on the sensitivity list [C:/Users/luisg/Desktop/Fall 2018/CPE 133/Verilog-Projects/lab5_BCD_Comparator_displaymodule/exp 10 module 2/exp 10 module 2.srcs/sources_1/new/exp10.v:59]
WARNING: [Synth 8-567] referenced signal 'LT' should be on the sensitivity list [C:/Users/luisg/Desktop/Fall 2018/CPE 133/Verilog-Projects/lab5_BCD_Comparator_displaymodule/exp 10 module 2/exp 10 module 2.srcs/sources_1/new/exp10.v:59]
WARNING: [Synth 8-567] referenced signal 'displayOutputB' should be on the sensitivity list [C:/Users/luisg/Desktop/Fall 2018/CPE 133/Verilog-Projects/lab5_BCD_Comparator_displaymodule/exp 10 module 2/exp 10 module 2.srcs/sources_1/new/exp10.v:59]
INFO: [Synth 8-6155] done synthesizing module 'exp10' (3#1) [C:/Users/luisg/Desktop/Fall 2018/CPE 133/Verilog-Projects/lab5_BCD_Comparator_displaymodule/exp 10 module 2/exp 10 module 2.srcs/sources_1/new/exp10.v:23]
---------------------------------------------------------------------------------
Finished RTL Elaboration : Time (s): cpu = 00:00:02 ; elapsed = 00:00:03 . Memory (MB): peak = 412.738 ; gain = 153.980
---------------------------------------------------------------------------------

Report Check Netlist: 
+------+------------------+-------+---------+-------+------------------+
|      |Item              |Errors |Warnings |Status |Description       |
+------+------------------+-------+---------+-------+------------------+
|1     |multi_driven_nets |      0|        0|Passed |Multi driven nets |
+------+------------------+-------+---------+-------+------------------+
---------------------------------------------------------------------------------
Start Handling Custom Attributes
---------------------------------------------------------------------------------
---------------------------------------------------------------------------------
Finished Handling Custom Attributes : Time (s): cpu = 00:00:03 ; elapsed = 00:00:03 . Memory (MB): peak = 412.738 ; gain = 153.980
---------------------------------------------------------------------------------
---------------------------------------------------------------------------------
Finished RTL Optimization Phase 1 : Time (s): cpu = 00:00:03 ; elapsed = 00:00:03 . Memory (MB): peak = 412.738 ; gain = 153.980
---------------------------------------------------------------------------------
INFO: [Device 21-403] Loading part xc7a35tcpg236-1
INFO: [Project 1-570] Preparing netlist for logic optimization

Processing XDC Constraints
Initializing timing engine
Parsing XDC File [C:/Users/luisg/Desktop/Fall 2018/CPE 133/Verilog-Projects/lab5_BCD_Comparator_displaymodule/exp10A.xdc]
Finished Parsing XDC File [C:/Users/luisg/Desktop/Fall 2018/CPE 133/Verilog-Projects/lab5_BCD_Comparator_displaymodule/exp10A.xdc]
INFO: [Project 1-236] Implementation specific constraints were found while reading constraint file [C:/Users/luisg/Desktop/Fall 2018/CPE 133/Verilog-Projects/lab5_BCD_Comparator_displaymodule/exp10A.xdc]. These constraints will be ignored for synthesis but will be used in implementation. Impacted constraints are listed in the file [.Xil/exp10_propImpl.xdc].
Resolution: To avoid this warning, move constraints listed in [.Xil/exp10_propImpl.xdc] to another XDC file and exclude this new file from synthesis with the used_in_synthesis property (File Properties dialog in GUI) and re-run elaboration/synthesis.
Completed Processing XDC Constraints

INFO: [Project 1-111] Unisim Transformation Summary:
No Unisim elements were transformed.

Constraint Validation Runtime : Time (s): cpu = 00:00:00 ; elapsed = 00:00:00.002 . Memory (MB): peak = 732.645 ; gain = 0.000
---------------------------------------------------------------------------------
Finished Constraint Validation : Time (s): cpu = 00:00:10 ; elapsed = 00:00:12 . Memory (MB): peak = 732.645 ; gain = 473.887
---------------------------------------------------------------------------------
---------------------------------------------------------------------------------
Start Loading Part and Timing Information
---------------------------------------------------------------------------------
Loading part: xc7a35tcpg236-1
---------------------------------------------------------------------------------
Finished Loading Part and Timing Information : Time (s): cpu = 00:00:10 ; elapsed = 00:00:12 . Memory (MB): peak = 732.645 ; gain = 473.887
---------------------------------------------------------------------------------
---------------------------------------------------------------------------------
Start Applying 'set_property' XDC Constraints
---------------------------------------------------------------------------------
---------------------------------------------------------------------------------
Finished applying 'set_property' XDC Constraints : Time (s): cpu = 00:00:10 ; elapsed = 00:00:12 . Memory (MB): peak = 732.645 ; gain = 473.887
---------------------------------------------------------------------------------
WARNING: [Synth 8-327] inferring latch for variable 'eq_reg' [C:/Users/luisg/Desktop/Fall 2018/CPE 133/Verilog-Projects/lab5_BCD_Comparator_displaymodule/exp 10 module 2/exp 10 module 2.srcs/sources_1/new/comparator.v:38]
WARNING: [Synth 8-327] inferring latch for variable 'lt_reg' [C:/Users/luisg/Desktop/Fall 2018/CPE 133/Verilog-Projects/lab5_BCD_Comparator_displaymodule/exp 10 module 2/exp 10 module 2.srcs/sources_1/new/comparator.v:39]
WARNING: [Synth 8-327] inferring latch for variable 'gt_reg' [C:/Users/luisg/Desktop/Fall 2018/CPE 133/Verilog-Projects/lab5_BCD_Comparator_displaymodule/exp 10 module 2/exp 10 module 2.srcs/sources_1/new/comparator.v:40]
---------------------------------------------------------------------------------
Finished RTL Optimization Phase 2 : Time (s): cpu = 00:00:10 ; elapsed = 00:00:12 . Memory (MB): peak = 732.645 ; gain = 473.887
---------------------------------------------------------------------------------

Report RTL Partitions: 
+-+--------------+------------+----------+
| |RTL Partition |Replication |Instances |
+-+--------------+------------+----------+
+-+--------------+------------+----------+
---------------------------------------------------------------------------------
Start RTL Component Statistics 
---------------------------------------------------------------------------------
Detailed RTL Component Info : 
+---Muxes : 
	   2 Input      7 Bit        Muxes := 5     
	   6 Input      4 Bit        Muxes := 1     
	   2 Input      1 Bit        Muxes := 1     
---------------------------------------------------------------------------------
Finished RTL Component Statistics 
---------------------------------------------------------------------------------
---------------------------------------------------------------------------------
Start RTL Hierarchical Component Statistics 
---------------------------------------------------------------------------------
Hierarchical RTL Component report 
Module exp10 
Detailed RTL Component Info : 
+---Muxes : 
	   2 Input      7 Bit        Muxes := 5     
	   6 Input      4 Bit        Muxes := 1     
Module comparator 
Detailed RTL Component Info : 
+---Muxes : 
	   2 Input      1 Bit        Muxes := 1     
---------------------------------------------------------------------------------
Finished RTL Hierarchical Component Statistics
---------------------------------------------------------------------------------
---------------------------------------------------------------------------------
Start Part Resource Summary
---------------------------------------------------------------------------------
Part Resources:
DSPs: 90 (col length:60)
BRAMs: 100 (col length: RAMB18 60 RAMB36 30)
---------------------------------------------------------------------------------
Finished Part Resource Summary
---------------------------------------------------------------------------------
---------------------------------------------------------------------------------
Start Cross Boundary and Area Optimization
---------------------------------------------------------------------------------
Warning: Parallel synthesis criteria is not met 
---------------------------------------------------------------------------------
Finished Cross Boundary and Area Optimization : Time (s): cpu = 00:00:11 ; elapsed = 00:00:13 . Memory (MB): peak = 732.645 ; gain = 473.887
---------------------------------------------------------------------------------

Report RTL Partitions: 
+-+--------------+------------+----------+
| |RTL Partition |Replication |Instances |
+-+--------------+------------+----------+
+-+--------------+------------+----------+
---------------------------------------------------------------------------------
Start Applying XDC Timing Constraints
---------------------------------------------------------------------------------
---------------------------------------------------------------------------------
Finished Applying XDC Timing Constraints : Time (s): cpu = 00:00:20 ; elapsed = 00:00:23 . Memory (MB): peak = 734.180 ; gain = 475.422
---------------------------------------------------------------------------------
---------------------------------------------------------------------------------
Start Timing Optimization
---------------------------------------------------------------------------------
---------------------------------------------------------------------------------
Finished Timing Optimization : Time (s): cpu = 00:00:20 ; elapsed = 00:00:23 . Memory (MB): peak = 744.590 ; gain = 485.832
---------------------------------------------------------------------------------

Report RTL Partitions: 
+-+--------------+------------+----------+
| |RTL Partition |Replication |Instances |
+-+--------------+------------+----------+
+-+--------------+------------+----------+
---------------------------------------------------------------------------------
Start Technology Mapping
---------------------------------------------------------------------------------
---------------------------------------------------------------------------------
Finished Technology Mapping : Time (s): cpu = 00:00:20 ; elapsed = 00:00:23 . Memory (MB): peak = 744.590 ; gain = 485.832
---------------------------------------------------------------------------------

Report RTL Partitions: 
+-+--------------+------------+----------+
| |RTL Partition |Replication |Instances |
+-+--------------+------------+----------+
+-+--------------+------------+----------+
---------------------------------------------------------------------------------
Start IO Insertion
---------------------------------------------------------------------------------
---------------------------------------------------------------------------------
Start Flattening Before IO Insertion
---------------------------------------------------------------------------------
---------------------------------------------------------------------------------
Finished Flattening Before IO Insertion
---------------------------------------------------------------------------------
---------------------------------------------------------------------------------
Start Final Netlist Cleanup
---------------------------------------------------------------------------------
---------------------------------------------------------------------------------
Finished Final Netlist Cleanup
---------------------------------------------------------------------------------
---------------------------------------------------------------------------------
Finished IO Insertion : Time (s): cpu = 00:00:21 ; elapsed = 00:00:24 . Memory (MB): peak = 744.590 ; gain = 485.832
---------------------------------------------------------------------------------

Report Check Netlist: 
+------+------------------+-------+---------+-------+------------------+
|      |Item              |Errors |Warnings |Status |Description       |
+------+------------------+-------+---------+-------+------------------+
|1     |multi_driven_nets |      0|        0|Passed |Multi driven nets |
+------+------------------+-------+---------+-------+------------------+
---------------------------------------------------------------------------------
Start Renaming Generated Instances
---------------------------------------------------------------------------------
---------------------------------------------------------------------------------
Finished Renaming Generated Instances : Time (s): cpu = 00:00:21 ; elapsed = 00:00:24 . Memory (MB): peak = 744.590 ; gain = 485.832
---------------------------------------------------------------------------------

Report RTL Partitions: 
+-+--------------+------------+----------+
| |RTL Partition |Replication |Instances |
+-+--------------+------------+----------+
+-+--------------+------------+----------+
---------------------------------------------------------------------------------
Start Rebuilding User Hierarchy
---------------------------------------------------------------------------------
---------------------------------------------------------------------------------
Finished Rebuilding User Hierarchy : Time (s): cpu = 00:00:21 ; elapsed = 00:00:24 . Memory (MB): peak = 744.590 ; gain = 485.832
---------------------------------------------------------------------------------
---------------------------------------------------------------------------------
Start Renaming Generated Ports
---------------------------------------------------------------------------------
---------------------------------------------------------------------------------
Finished Renaming Generated Ports : Time (s): cpu = 00:00:21 ; elapsed = 00:00:24 . Memory (MB): peak = 744.590 ; gain = 485.832
---------------------------------------------------------------------------------
---------------------------------------------------------------------------------
Start Handling Custom Attributes
---------------------------------------------------------------------------------
---------------------------------------------------------------------------------
Finished Handling Custom Attributes : Time (s): cpu = 00:00:21 ; elapsed = 00:00:24 . Memory (MB): peak = 744.590 ; gain = 485.832
---------------------------------------------------------------------------------
---------------------------------------------------------------------------------
Start Renaming Generated Nets
---------------------------------------------------------------------------------
---------------------------------------------------------------------------------
Finished Renaming Generated Nets : Time (s): cpu = 00:00:21 ; elapsed = 00:00:24 . Memory (MB): peak = 744.590 ; gain = 485.832
---------------------------------------------------------------------------------
---------------------------------------------------------------------------------
Start Writing Synthesis Report
---------------------------------------------------------------------------------

Report BlackBoxes: 
+-+--------------+----------+
| |BlackBox name |Instances |
+-+--------------+----------+
+-+--------------+----------+

Report Cell Usage: 
+------+-------+------+
|      |Cell   |Count |
+------+-------+------+
|1     |BUFG   |     1|
|2     |CARRY4 |     5|
|3     |LUT1   |     1|
|4     |LUT2   |     1|
|5     |LUT3   |     4|
|6     |LUT4   |    20|
|7     |LUT5   |     2|
|8     |LUT6   |    10|
|9     |FDCE   |    19|
|10    |LDC    |     1|
|11    |LDCP   |     2|
|12    |IBUF   |    11|
|13    |OBUF   |    12|
+------+-------+------+

Report Instance Areas: 
+------+---------+-----------+------+
|      |Instance |Module     |Cells |
+------+---------+-----------+------+
|1     |top      |           |    89|
|2     |  comp   |comparator |    25|
+------+---------+-----------+------+
---------------------------------------------------------------------------------
Finished Writing Synthesis Report : Time (s): cpu = 00:00:21 ; elapsed = 00:00:24 . Memory (MB): peak = 744.590 ; gain = 485.832
---------------------------------------------------------------------------------
Synthesis finished with 0 errors, 0 critical warnings and 3 warnings.
Synthesis Optimization Runtime : Time (s): cpu = 00:00:13 ; elapsed = 00:00:17 . Memory (MB): peak = 744.590 ; gain = 165.926
Synthesis Optimization Complete : Time (s): cpu = 00:00:21 ; elapsed = 00:00:24 . Memory (MB): peak = 744.590 ; gain = 485.832
INFO: [Project 1-571] Translating synthesized netlist
INFO: [Netlist 29-17] Analyzing 19 Unisim elements for replacement
INFO: [Netlist 29-28] Unisim Transformation completed in 0 CPU seconds
INFO: [Project 1-570] Preparing netlist for logic optimization
INFO: [Opt 31-138] Pushed 0 inverter(s) to 0 load pin(s).
INFO: [Project 1-111] Unisim Transformation Summary:
  A total of 3 instances were transformed.
  LDC => LDCE: 1 instances
  LDCP => LDCP (GND, LUT3, LUT3, LDCE, VCC): 2 instances

INFO: [Common 17-83] Releasing license: Synthesis
19 Infos, 9 Warnings, 0 Critical Warnings and 0 Errors encountered.
synth_design completed successfully
synth_design: Time (s): cpu = 00:00:23 ; elapsed = 00:00:27 . Memory (MB): peak = 757.102 ; gain = 511.359
WARNING: [Constraints 18-5210] No constraint will be written out.
INFO: [Common 17-1381] The checkpoint 'C:/Users/luisg/Desktop/Fall 2018/CPE 133/Verilog-Projects/lab5_BCD_Comparator_displaymodule/exp 10 module 2/exp 10 module 2.runs/synth_1/exp10.dcp' has been generated.
INFO: [runtcl-4] Executing : report_utilization -file exp10_utilization_synth.rpt -pb exp10_utilization_synth.pb
report_utilization: Time (s): cpu = 00:00:00 ; elapsed = 00:00:00.022 . Memory (MB): peak = 757.102 ; gain = 0.000
INFO: [Common 17-206] Exiting Vivado at Sat Oct 20 22:08:32 2018...
