Copyright 1986-2018 Xilinx, Inc. All Rights Reserved.
--------------------------------------------------------------------------------------------------------------------------------------------------
| Tool Version : Vivado v.2018.2 (win64) Build 2258646 Thu Jun 14 20:03:12 MDT 2018
| Date         : Fri Oct 19 19:23:01 2018
| Host         : LAPTOP-OG4VTB3M running 64-bit major release  (build 9200)
| Command      : report_methodology -file exp9_methodology_drc_routed.rpt -pb exp9_methodology_drc_routed.pb -rpx exp9_methodology_drc_routed.rpx
| Design       : exp9
| Device       : xc7a35tcpg236-1
| Speed File   : -1
| Design State : Routed
--------------------------------------------------------------------------------------------------------------------------------------------------

Report Methodology

Table of Contents
-----------------
1. REPORT SUMMARY
2. REPORT DETAILS

1. REPORT SUMMARY
-----------------
            Netlist: netlist
          Floorplan: design_1
      Design limits: <entire design considered>
             Max violations: <unlimited>
             Violations found: 3
+-----------+----------+------------------------------+------------+
| Rule      | Severity | Description                  | Violations |
+-----------+----------+------------------------------+------------+
| LUTAR-1   | Warning  | LUT drives async reset alert | 1          |
| TIMING-20 | Warning  | Non-clocked latch            | 2          |
+-----------+----------+------------------------------+------------+

2. REPORT DETAILS
-----------------
LUTAR-1#1 Warning
LUT drives async reset alert  
LUT cell comp/eq_reg_i_2, with 2 or more inputs, drives asynchronous preset/clear pin(s) comp/eq_reg/CLR. The LUT may glitch and trigger an unexpected reset, even if it is a properly timed path.
Related violations: <none>

TIMING-20#1 Warning
Non-clocked latch  
The latch comp/eq_reg cannot be properly analyzed as its control pin comp/eq_reg/G is not reached by a timing clock
Related violations: <none>

TIMING-20#2 Warning
Non-clocked latch  
The latch comp/gt_reg/L7 (in comp/gt_reg macro) cannot be properly analyzed as its control pin comp/gt_reg/L7/G is not reached by a timing clock
Related violations: <none>


